bin\Debug\GameObjectSystem.ilk
bin\Debug\GameObjectSystem.pdb
F:\GITREPOSITORIES\MYWORKSPACE\GAMEOBJECTSYSTEM\GAMEOBJECTSYSTEM\BIN\DEBUG\GAMEOBJECTSYSTEM.EXE
F:\GITREPOSITORIES\MYWORKSPACE\GAMEOBJECTSYSTEM\GAMEOBJECTSYSTEM\BIN\DEBUG\GAMEOBJECTSYSTEM.ILK
F:\GITREPOSITORIES\MYWORKSPACE\GAMEOBJECTSYSTEM\GAMEOBJECTSYSTEM\BIN\DEBUG\GAMEOBJECTSYSTEM.PDB
F:\GitRepositories\myworkspace\GameObjectSystem\GameObjectSystem\obj\Debug\cl.command.1.tlog
F:\GitRepositories\myworkspace\GameObjectSystem\GameObjectSystem\obj\Debug\CL.read.1.tlog
F:\GitRepositories\myworkspace\GameObjectSystem\GameObjectSystem\obj\Debug\CL.write.1.tlog
F:\GITREPOSITORIES\MYWORKSPACE\GAMEOBJECTSYSTEM\GAMEOBJECTSYSTEM\OBJ\DEBUG\CONTROLLEROISMANAGER.OBJ
F:\GITREPOSITORIES\MYWORKSPACE\GAMEOBJECTSYSTEM\GAMEOBJECTSYSTEM\OBJ\DEBUG\DEBUG.OBJ
F:\GITREPOSITORIES\MYWORKSPACE\GAMEOBJECTSYSTEM\GAMEOBJECTSYSTEM\OBJ\DEBUG\DIRECTOR.OBJ
F:\GITREPOSITORIES\MYWORKSPACE\GAMEOBJECTSYSTEM\GAMEOBJECTSYSTEM\OBJ\DEBUG\GAMEOBJECT.OBJ
F:\GITREPOSITORIES\MYWORKSPACE\GAMEOBJECTSYSTEM\GAMEOBJECTSYSTEM\OBJ\DEBUG\GAMEOBJECTSYSTEM.EXE.EMBED.MANIFEST
F:\GITREPOSITORIES\MYWORKSPACE\GAMEOBJECTSYSTEM\GAMEOBJECTSYSTEM\OBJ\DEBUG\GAMEOBJECTSYSTEM.EXE.EMBED.MANIFEST.RES
F:\GITREPOSITORIES\MYWORKSPACE\GAMEOBJECTSYSTEM\GAMEOBJECTSYSTEM\OBJ\DEBUG\GAMEOBJECTSYSTEM.EXE.INTERMEDIATE.MANIFEST
F:\GitRepositories\myworkspace\GameObjectSystem\GameObjectSystem\obj\Debug\GameObjectSystem_manifest.rc
F:\GITREPOSITORIES\MYWORKSPACE\GAMEOBJECTSYSTEM\GAMEOBJECTSYSTEM\OBJ\DEBUG\GCNODE.OBJ
F:\GITREPOSITORIES\MYWORKSPACE\GAMEOBJECTSYSTEM\GAMEOBJECTSYSTEM\OBJ\DEBUG\GCPHYSICSBODY.OBJ
F:\GITREPOSITORIES\MYWORKSPACE\GAMEOBJECTSYSTEM\GAMEOBJECTSYSTEM\OBJ\DEBUG\GOSSCRIPTMANAGER.OBJ
F:\GitRepositories\myworkspace\GameObjectSystem\GameObjectSystem\obj\Debug\link.1000.read.1.tlog
F:\GitRepositories\myworkspace\GameObjectSystem\GameObjectSystem\obj\Debug\link.1000.write.1.tlog
F:\GitRepositories\myworkspace\GameObjectSystem\GameObjectSystem\obj\Debug\link.1000-cvtres.read.1.tlog
F:\GitRepositories\myworkspace\GameObjectSystem\GameObjectSystem\obj\Debug\link.1000-cvtres.write.1.tlog
F:\GitRepositories\myworkspace\GameObjectSystem\GameObjectSystem\obj\Debug\link.1196.read.1.tlog
F:\GitRepositories\myworkspace\GameObjectSystem\GameObjectSystem\obj\Debug\link.1196.write.1.tlog
F:\GitRepositories\myworkspace\GameObjectSystem\GameObjectSystem\obj\Debug\link.1196-cvtres.read.1.tlog
F:\GitRepositories\myworkspace\GameObjectSystem\GameObjectSystem\obj\Debug\link.1196-cvtres.write.1.tlog
F:\GitRepositories\myworkspace\GameObjectSystem\GameObjectSystem\obj\Debug\link.1912.read.1.tlog
F:\GitRepositories\myworkspace\GameObjectSystem\GameObjectSystem\obj\Debug\link.1912.write.1.tlog
F:\GitRepositories\myworkspace\GameObjectSystem\GameObjectSystem\obj\Debug\link.1912-cvtres.read.1.tlog
F:\GitRepositories\myworkspace\GameObjectSystem\GameObjectSystem\obj\Debug\link.1912-cvtres.write.1.tlog
F:\GitRepositories\myworkspace\GameObjectSystem\GameObjectSystem\obj\Debug\link.1952.read.1.tlog
F:\GitRepositories\myworkspace\GameObjectSystem\GameObjectSystem\obj\Debug\link.1952.write.1.tlog
F:\GitRepositories\myworkspace\GameObjectSystem\GameObjectSystem\obj\Debug\link.1952-cvtres.read.1.tlog
F:\GitRepositories\myworkspace\GameObjectSystem\GameObjectSystem\obj\Debug\link.1952-cvtres.write.1.tlog
F:\GitRepositories\myworkspace\GameObjectSystem\GameObjectSystem\obj\Debug\link.2032.read.1.tlog
F:\GitRepositories\myworkspace\GameObjectSystem\GameObjectSystem\obj\Debug\link.2032.write.1.tlog
F:\GitRepositories\myworkspace\GameObjectSystem\GameObjectSystem\obj\Debug\link.2032-cvtres.read.1.tlog
F:\GitRepositories\myworkspace\GameObjectSystem\GameObjectSystem\obj\Debug\link.2032-cvtres.write.1.tlog
F:\GitRepositories\myworkspace\GameObjectSystem\GameObjectSystem\obj\Debug\link.2144.read.1.tlog
F:\GitRepositories\myworkspace\GameObjectSystem\GameObjectSystem\obj\Debug\link.2144.write.1.tlog
F:\GitRepositories\myworkspace\GameObjectSystem\GameObjectSystem\obj\Debug\link.2144-cvtres.read.1.tlog
F:\GitRepositories\myworkspace\GameObjectSystem\GameObjectSystem\obj\Debug\link.2144-cvtres.write.1.tlog
F:\GitRepositories\myworkspace\GameObjectSystem\GameObjectSystem\obj\Debug\link.2544.read.1.tlog
F:\GitRepositories\myworkspace\GameObjectSystem\GameObjectSystem\obj\Debug\link.2544.write.1.tlog
F:\GitRepositories\myworkspace\GameObjectSystem\GameObjectSystem\obj\Debug\link.2544-cvtres.read.1.tlog
F:\GitRepositories\myworkspace\GameObjectSystem\GameObjectSystem\obj\Debug\link.2544-cvtres.write.1.tlog
F:\GitRepositories\myworkspace\GameObjectSystem\GameObjectSystem\obj\Debug\link.2964.read.1.tlog
F:\GitRepositories\myworkspace\GameObjectSystem\GameObjectSystem\obj\Debug\link.2964.write.1.tlog
F:\GitRepositories\myworkspace\GameObjectSystem\GameObjectSystem\obj\Debug\link.2964-cvtres.read.1.tlog
F:\GitRepositories\myworkspace\GameObjectSystem\GameObjectSystem\obj\Debug\link.2964-cvtres.write.1.tlog
F:\GitRepositories\myworkspace\GameObjectSystem\GameObjectSystem\obj\Debug\link.3032.read.1.tlog
F:\GitRepositories\myworkspace\GameObjectSystem\GameObjectSystem\obj\Debug\link.3032.write.1.tlog
F:\GitRepositories\myworkspace\GameObjectSystem\GameObjectSystem\obj\Debug\link.3032-cvtres.read.1.tlog
F:\GitRepositories\myworkspace\GameObjectSystem\GameObjectSystem\obj\Debug\link.3032-cvtres.write.1.tlog
F:\GitRepositories\myworkspace\GameObjectSystem\GameObjectSystem\obj\Debug\link.3116.read.1.tlog
F:\GitRepositories\myworkspace\GameObjectSystem\GameObjectSystem\obj\Debug\link.3116.write.1.tlog
F:\GitRepositories\myworkspace\GameObjectSystem\GameObjectSystem\obj\Debug\link.3116-cvtres.read.1.tlog
F:\GitRepositories\myworkspace\GameObjectSystem\GameObjectSystem\obj\Debug\link.3116-cvtres.write.1.tlog
F:\GitRepositories\myworkspace\GameObjectSystem\GameObjectSystem\obj\Debug\link.3212.read.1.tlog
F:\GitRepositories\myworkspace\GameObjectSystem\GameObjectSystem\obj\Debug\link.3212.write.1.tlog
F:\GitRepositories\myworkspace\GameObjectSystem\GameObjectSystem\obj\Debug\link.3212-cvtres.read.1.tlog
F:\GitRepositories\myworkspace\GameObjectSystem\GameObjectSystem\obj\Debug\link.3212-cvtres.write.1.tlog
F:\GitRepositories\myworkspace\GameObjectSystem\GameObjectSystem\obj\Debug\link.3228.read.1.tlog
F:\GitRepositories\myworkspace\GameObjectSystem\GameObjectSystem\obj\Debug\link.3228.write.1.tlog
F:\GitRepositories\myworkspace\GameObjectSystem\GameObjectSystem\obj\Debug\link.3228-cvtres.read.1.tlog
F:\GitRepositories\myworkspace\GameObjectSystem\GameObjectSystem\obj\Debug\link.3228-cvtres.write.1.tlog
F:\GitRepositories\myworkspace\GameObjectSystem\GameObjectSystem\obj\Debug\link.3408.read.1.tlog
F:\GitRepositories\myworkspace\GameObjectSystem\GameObjectSystem\obj\Debug\link.3408.write.1.tlog
F:\GitRepositories\myworkspace\GameObjectSystem\GameObjectSystem\obj\Debug\link.3408-cvtres.read.1.tlog
F:\GitRepositories\myworkspace\GameObjectSystem\GameObjectSystem\obj\Debug\link.3408-cvtres.write.1.tlog
F:\GitRepositories\myworkspace\GameObjectSystem\GameObjectSystem\obj\Debug\link.3468.read.1.tlog
F:\GitRepositories\myworkspace\GameObjectSystem\GameObjectSystem\obj\Debug\link.3468.write.1.tlog
F:\GitRepositories\myworkspace\GameObjectSystem\GameObjectSystem\obj\Debug\link.3468-cvtres.read.1.tlog
F:\GitRepositories\myworkspace\GameObjectSystem\GameObjectSystem\obj\Debug\link.3468-cvtres.write.1.tlog
F:\GitRepositories\myworkspace\GameObjectSystem\GameObjectSystem\obj\Debug\link.3692.read.1.tlog
F:\GitRepositories\myworkspace\GameObjectSystem\GameObjectSystem\obj\Debug\link.3692.write.1.tlog
F:\GitRepositories\myworkspace\GameObjectSystem\GameObjectSystem\obj\Debug\link.3692-cvtres.read.1.tlog
F:\GitRepositories\myworkspace\GameObjectSystem\GameObjectSystem\obj\Debug\link.3692-cvtres.write.1.tlog
F:\GitRepositories\myworkspace\GameObjectSystem\GameObjectSystem\obj\Debug\link.3756.read.1.tlog
F:\GitRepositories\myworkspace\GameObjectSystem\GameObjectSystem\obj\Debug\link.3756.write.1.tlog
F:\GitRepositories\myworkspace\GameObjectSystem\GameObjectSystem\obj\Debug\link.3756-cvtres.read.1.tlog
F:\GitRepositories\myworkspace\GameObjectSystem\GameObjectSystem\obj\Debug\link.3756-cvtres.write.1.tlog
F:\GitRepositories\myworkspace\GameObjectSystem\GameObjectSystem\obj\Debug\link.3984.read.1.tlog
F:\GitRepositories\myworkspace\GameObjectSystem\GameObjectSystem\obj\Debug\link.3984.write.1.tlog
F:\GitRepositories\myworkspace\GameObjectSystem\GameObjectSystem\obj\Debug\link.3984-cvtres.read.1.tlog
F:\GitRepositories\myworkspace\GameObjectSystem\GameObjectSystem\obj\Debug\link.3984-cvtres.write.1.tlog
F:\GitRepositories\myworkspace\GameObjectSystem\GameObjectSystem\obj\Debug\link.4100.read.1.tlog
F:\GitRepositories\myworkspace\GameObjectSystem\GameObjectSystem\obj\Debug\link.4100.write.1.tlog
F:\GitRepositories\myworkspace\GameObjectSystem\GameObjectSystem\obj\Debug\link.4100-cvtres.read.1.tlog
F:\GitRepositories\myworkspace\GameObjectSystem\GameObjectSystem\obj\Debug\link.4100-cvtres.write.1.tlog
F:\GitRepositories\myworkspace\GameObjectSystem\GameObjectSystem\obj\Debug\link.4116.read.1.tlog
F:\GitRepositories\myworkspace\GameObjectSystem\GameObjectSystem\obj\Debug\link.4116.write.1.tlog
F:\GitRepositories\myworkspace\GameObjectSystem\GameObjectSystem\obj\Debug\link.4116-cvtres.read.1.tlog
F:\GitRepositories\myworkspace\GameObjectSystem\GameObjectSystem\obj\Debug\link.4116-cvtres.write.1.tlog
F:\GitRepositories\myworkspace\GameObjectSystem\GameObjectSystem\obj\Debug\link.4120.read.1.tlog
F:\GitRepositories\myworkspace\GameObjectSystem\GameObjectSystem\obj\Debug\link.4120.write.1.tlog
F:\GitRepositories\myworkspace\GameObjectSystem\GameObjectSystem\obj\Debug\link.4120-cvtres.read.1.tlog
F:\GitRepositories\myworkspace\GameObjectSystem\GameObjectSystem\obj\Debug\link.4120-cvtres.write.1.tlog
F:\GitRepositories\myworkspace\GameObjectSystem\GameObjectSystem\obj\Debug\link.4188.read.1.tlog
F:\GitRepositories\myworkspace\GameObjectSystem\GameObjectSystem\obj\Debug\link.4188.write.1.tlog
F:\GitRepositories\myworkspace\GameObjectSystem\GameObjectSystem\obj\Debug\link.4188-cvtres.read.1.tlog
F:\GitRepositories\myworkspace\GameObjectSystem\GameObjectSystem\obj\Debug\link.4188-cvtres.write.1.tlog
F:\GitRepositories\myworkspace\GameObjectSystem\GameObjectSystem\obj\Debug\link.424.read.1.tlog
F:\GitRepositories\myworkspace\GameObjectSystem\GameObjectSystem\obj\Debug\link.424.write.1.tlog
F:\GitRepositories\myworkspace\GameObjectSystem\GameObjectSystem\obj\Debug\link.424-cvtres.read.1.tlog
F:\GitRepositories\myworkspace\GameObjectSystem\GameObjectSystem\obj\Debug\link.424-cvtres.write.1.tlog
F:\GitRepositories\myworkspace\GameObjectSystem\GameObjectSystem\obj\Debug\link.4280.read.1.tlog
F:\GitRepositories\myworkspace\GameObjectSystem\GameObjectSystem\obj\Debug\link.4280.write.1.tlog
F:\GitRepositories\myworkspace\GameObjectSystem\GameObjectSystem\obj\Debug\link.4280-cvtres.read.1.tlog
F:\GitRepositories\myworkspace\GameObjectSystem\GameObjectSystem\obj\Debug\link.4280-cvtres.write.1.tlog
F:\GitRepositories\myworkspace\GameObjectSystem\GameObjectSystem\obj\Debug\link.4292.read.1.tlog
F:\GitRepositories\myworkspace\GameObjectSystem\GameObjectSystem\obj\Debug\link.4292.write.1.tlog
F:\GitRepositories\myworkspace\GameObjectSystem\GameObjectSystem\obj\Debug\link.4292-cvtres.read.1.tlog
F:\GitRepositories\myworkspace\GameObjectSystem\GameObjectSystem\obj\Debug\link.4292-cvtres.write.1.tlog
F:\GitRepositories\myworkspace\GameObjectSystem\GameObjectSystem\obj\Debug\link.4300.read.1.tlog
F:\GitRepositories\myworkspace\GameObjectSystem\GameObjectSystem\obj\Debug\link.4300.write.1.tlog
F:\GitRepositories\myworkspace\GameObjectSystem\GameObjectSystem\obj\Debug\link.4300-cvtres.read.1.tlog
F:\GitRepositories\myworkspace\GameObjectSystem\GameObjectSystem\obj\Debug\link.4300-cvtres.write.1.tlog
F:\GitRepositories\myworkspace\GameObjectSystem\GameObjectSystem\obj\Debug\link.4444.read.1.tlog
F:\GitRepositories\myworkspace\GameObjectSystem\GameObjectSystem\obj\Debug\link.4444.write.1.tlog
F:\GitRepositories\myworkspace\GameObjectSystem\GameObjectSystem\obj\Debug\link.4444-cvtres.read.1.tlog
F:\GitRepositories\myworkspace\GameObjectSystem\GameObjectSystem\obj\Debug\link.4444-cvtres.write.1.tlog
F:\GitRepositories\myworkspace\GameObjectSystem\GameObjectSystem\obj\Debug\link.4488.read.1.tlog
F:\GitRepositories\myworkspace\GameObjectSystem\GameObjectSystem\obj\Debug\link.4488.write.1.tlog
F:\GitRepositories\myworkspace\GameObjectSystem\GameObjectSystem\obj\Debug\link.4548.read.1.tlog
F:\GitRepositories\myworkspace\GameObjectSystem\GameObjectSystem\obj\Debug\link.4548.write.1.tlog
F:\GitRepositories\myworkspace\GameObjectSystem\GameObjectSystem\obj\Debug\link.4548-cvtres.read.1.tlog
F:\GitRepositories\myworkspace\GameObjectSystem\GameObjectSystem\obj\Debug\link.4548-cvtres.write.1.tlog
F:\GitRepositories\myworkspace\GameObjectSystem\GameObjectSystem\obj\Debug\link.4576.read.1.tlog
F:\GitRepositories\myworkspace\GameObjectSystem\GameObjectSystem\obj\Debug\link.4576.write.1.tlog
F:\GitRepositories\myworkspace\GameObjectSystem\GameObjectSystem\obj\Debug\link.4576-cvtres.read.1.tlog
F:\GitRepositories\myworkspace\GameObjectSystem\GameObjectSystem\obj\Debug\link.4576-cvtres.write.1.tlog
F:\GitRepositories\myworkspace\GameObjectSystem\GameObjectSystem\obj\Debug\link.4664.read.1.tlog
F:\GitRepositories\myworkspace\GameObjectSystem\GameObjectSystem\obj\Debug\link.4664.write.1.tlog
F:\GitRepositories\myworkspace\GameObjectSystem\GameObjectSystem\obj\Debug\link.4664-cvtres.read.1.tlog
F:\GitRepositories\myworkspace\GameObjectSystem\GameObjectSystem\obj\Debug\link.4664-cvtres.write.1.tlog
F:\GitRepositories\myworkspace\GameObjectSystem\GameObjectSystem\obj\Debug\link.4708.read.1.tlog
F:\GitRepositories\myworkspace\GameObjectSystem\GameObjectSystem\obj\Debug\link.4708.write.1.tlog
F:\GitRepositories\myworkspace\GameObjectSystem\GameObjectSystem\obj\Debug\link.4708-cvtres.read.1.tlog
F:\GitRepositories\myworkspace\GameObjectSystem\GameObjectSystem\obj\Debug\link.4708-cvtres.write.1.tlog
F:\GitRepositories\myworkspace\GameObjectSystem\GameObjectSystem\obj\Debug\link.4740.read.1.tlog
F:\GitRepositories\myworkspace\GameObjectSystem\GameObjectSystem\obj\Debug\link.4740.write.1.tlog
F:\GitRepositories\myworkspace\GameObjectSystem\GameObjectSystem\obj\Debug\link.4740-cvtres.read.1.tlog
F:\GitRepositories\myworkspace\GameObjectSystem\GameObjectSystem\obj\Debug\link.4740-cvtres.write.1.tlog
F:\GitRepositories\myworkspace\GameObjectSystem\GameObjectSystem\obj\Debug\link.4780.read.1.tlog
F:\GitRepositories\myworkspace\GameObjectSystem\GameObjectSystem\obj\Debug\link.4780.write.1.tlog
F:\GitRepositories\myworkspace\GameObjectSystem\GameObjectSystem\obj\Debug\link.4780-cvtres.read.1.tlog
F:\GitRepositories\myworkspace\GameObjectSystem\GameObjectSystem\obj\Debug\link.4780-cvtres.write.1.tlog
F:\GitRepositories\myworkspace\GameObjectSystem\GameObjectSystem\obj\Debug\link.4820.read.1.tlog
F:\GitRepositories\myworkspace\GameObjectSystem\GameObjectSystem\obj\Debug\link.4820.write.1.tlog
F:\GitRepositories\myworkspace\GameObjectSystem\GameObjectSystem\obj\Debug\link.4820-cvtres.read.1.tlog
F:\GitRepositories\myworkspace\GameObjectSystem\GameObjectSystem\obj\Debug\link.4820-cvtres.write.1.tlog
F:\GitRepositories\myworkspace\GameObjectSystem\GameObjectSystem\obj\Debug\link.4852.read.1.tlog
F:\GitRepositories\myworkspace\GameObjectSystem\GameObjectSystem\obj\Debug\link.4852.write.1.tlog
F:\GitRepositories\myworkspace\GameObjectSystem\GameObjectSystem\obj\Debug\link.4852-cvtres.read.1.tlog
F:\GitRepositories\myworkspace\GameObjectSystem\GameObjectSystem\obj\Debug\link.4852-cvtres.write.1.tlog
F:\GitRepositories\myworkspace\GameObjectSystem\GameObjectSystem\obj\Debug\link.4908.read.1.tlog
F:\GitRepositories\myworkspace\GameObjectSystem\GameObjectSystem\obj\Debug\link.4908.write.1.tlog
F:\GitRepositories\myworkspace\GameObjectSystem\GameObjectSystem\obj\Debug\link.4908-cvtres.read.1.tlog
F:\GitRepositories\myworkspace\GameObjectSystem\GameObjectSystem\obj\Debug\link.4908-cvtres.write.1.tlog
F:\GitRepositories\myworkspace\GameObjectSystem\GameObjectSystem\obj\Debug\link.4960.read.1.tlog
F:\GitRepositories\myworkspace\GameObjectSystem\GameObjectSystem\obj\Debug\link.4960.write.1.tlog
F:\GitRepositories\myworkspace\GameObjectSystem\GameObjectSystem\obj\Debug\link.4960-cvtres.read.1.tlog
F:\GitRepositories\myworkspace\GameObjectSystem\GameObjectSystem\obj\Debug\link.4960-cvtres.write.1.tlog
F:\GitRepositories\myworkspace\GameObjectSystem\GameObjectSystem\obj\Debug\link.5040.read.1.tlog
F:\GitRepositories\myworkspace\GameObjectSystem\GameObjectSystem\obj\Debug\link.5040.write.1.tlog
F:\GitRepositories\myworkspace\GameObjectSystem\GameObjectSystem\obj\Debug\link.5040-cvtres.read.1.tlog
F:\GitRepositories\myworkspace\GameObjectSystem\GameObjectSystem\obj\Debug\link.5040-cvtres.write.1.tlog
F:\GitRepositories\myworkspace\GameObjectSystem\GameObjectSystem\obj\Debug\link.5116.read.1.tlog
F:\GitRepositories\myworkspace\GameObjectSystem\GameObjectSystem\obj\Debug\link.5116.write.1.tlog
F:\GitRepositories\myworkspace\GameObjectSystem\GameObjectSystem\obj\Debug\link.5116-cvtres.read.1.tlog
F:\GitRepositories\myworkspace\GameObjectSystem\GameObjectSystem\obj\Debug\link.5116-cvtres.write.1.tlog
F:\GitRepositories\myworkspace\GameObjectSystem\GameObjectSystem\obj\Debug\link.5144.read.1.tlog
F:\GitRepositories\myworkspace\GameObjectSystem\GameObjectSystem\obj\Debug\link.5144.write.1.tlog
F:\GitRepositories\myworkspace\GameObjectSystem\GameObjectSystem\obj\Debug\link.5144-cvtres.read.1.tlog
F:\GitRepositories\myworkspace\GameObjectSystem\GameObjectSystem\obj\Debug\link.5144-cvtres.write.1.tlog
F:\GitRepositories\myworkspace\GameObjectSystem\GameObjectSystem\obj\Debug\link.5284.read.1.tlog
F:\GitRepositories\myworkspace\GameObjectSystem\GameObjectSystem\obj\Debug\link.5284.write.1.tlog
F:\GitRepositories\myworkspace\GameObjectSystem\GameObjectSystem\obj\Debug\link.5284-cvtres.read.1.tlog
F:\GitRepositories\myworkspace\GameObjectSystem\GameObjectSystem\obj\Debug\link.5284-cvtres.write.1.tlog
F:\GitRepositories\myworkspace\GameObjectSystem\GameObjectSystem\obj\Debug\link.5500.read.1.tlog
F:\GitRepositories\myworkspace\GameObjectSystem\GameObjectSystem\obj\Debug\link.5500.write.1.tlog
F:\GitRepositories\myworkspace\GameObjectSystem\GameObjectSystem\obj\Debug\link.5500-cvtres.read.1.tlog
F:\GitRepositories\myworkspace\GameObjectSystem\GameObjectSystem\obj\Debug\link.5500-cvtres.write.1.tlog
F:\GitRepositories\myworkspace\GameObjectSystem\GameObjectSystem\obj\Debug\link.5748.read.1.tlog
F:\GitRepositories\myworkspace\GameObjectSystem\GameObjectSystem\obj\Debug\link.5748.write.1.tlog
F:\GitRepositories\myworkspace\GameObjectSystem\GameObjectSystem\obj\Debug\link.5768.read.1.tlog
F:\GitRepositories\myworkspace\GameObjectSystem\GameObjectSystem\obj\Debug\link.5768.write.1.tlog
F:\GitRepositories\myworkspace\GameObjectSystem\GameObjectSystem\obj\Debug\link.5768-cvtres.read.1.tlog
F:\GitRepositories\myworkspace\GameObjectSystem\GameObjectSystem\obj\Debug\link.5768-cvtres.write.1.tlog
F:\GitRepositories\myworkspace\GameObjectSystem\GameObjectSystem\obj\Debug\link.6036.read.1.tlog
F:\GitRepositories\myworkspace\GameObjectSystem\GameObjectSystem\obj\Debug\link.6036.write.1.tlog
F:\GitRepositories\myworkspace\GameObjectSystem\GameObjectSystem\obj\Debug\link.6036-cvtres.read.1.tlog
F:\GitRepositories\myworkspace\GameObjectSystem\GameObjectSystem\obj\Debug\link.6036-cvtres.write.1.tlog
F:\GitRepositories\myworkspace\GameObjectSystem\GameObjectSystem\obj\Debug\link.6060.read.1.tlog
F:\GitRepositories\myworkspace\GameObjectSystem\GameObjectSystem\obj\Debug\link.6060.write.1.tlog
F:\GitRepositories\myworkspace\GameObjectSystem\GameObjectSystem\obj\Debug\link.6060-cvtres.read.1.tlog
F:\GitRepositories\myworkspace\GameObjectSystem\GameObjectSystem\obj\Debug\link.6060-cvtres.write.1.tlog
F:\GitRepositories\myworkspace\GameObjectSystem\GameObjectSystem\obj\Debug\link.6068.read.1.tlog
F:\GitRepositories\myworkspace\GameObjectSystem\GameObjectSystem\obj\Debug\link.6068.write.1.tlog
F:\GitRepositories\myworkspace\GameObjectSystem\GameObjectSystem\obj\Debug\link.6068-cvtres.read.1.tlog
F:\GitRepositories\myworkspace\GameObjectSystem\GameObjectSystem\obj\Debug\link.6068-cvtres.write.1.tlog
F:\GitRepositories\myworkspace\GameObjectSystem\GameObjectSystem\obj\Debug\link.6092.read.1.tlog
F:\GitRepositories\myworkspace\GameObjectSystem\GameObjectSystem\obj\Debug\link.6092.write.1.tlog
F:\GitRepositories\myworkspace\GameObjectSystem\GameObjectSystem\obj\Debug\link.6092-cvtres.read.1.tlog
F:\GitRepositories\myworkspace\GameObjectSystem\GameObjectSystem\obj\Debug\link.6092-cvtres.write.1.tlog
F:\GitRepositories\myworkspace\GameObjectSystem\GameObjectSystem\obj\Debug\link.6100.read.1.tlog
F:\GitRepositories\myworkspace\GameObjectSystem\GameObjectSystem\obj\Debug\link.6100.write.1.tlog
F:\GitRepositories\myworkspace\GameObjectSystem\GameObjectSystem\obj\Debug\link.6100-cvtres.read.1.tlog
F:\GitRepositories\myworkspace\GameObjectSystem\GameObjectSystem\obj\Debug\link.6100-cvtres.write.1.tlog
F:\GitRepositories\myworkspace\GameObjectSystem\GameObjectSystem\obj\Debug\link.command.1.tlog
F:\GitRepositories\myworkspace\GameObjectSystem\GameObjectSystem\obj\Debug\link.read.1.tlog
F:\GitRepositories\myworkspace\GameObjectSystem\GameObjectSystem\obj\Debug\link.write.1.tlog
F:\GITREPOSITORIES\MYWORKSPACE\GAMEOBJECTSYSTEM\GAMEOBJECTSYSTEM\OBJ\DEBUG\LUA_BINDGS_MANUALLY.OBJ
F:\GITREPOSITORIES\MYWORKSPACE\GAMEOBJECTSYSTEM\GAMEOBJECTSYSTEM\OBJ\DEBUG\LUA_BINDINGS.OBJ
F:\GITREPOSITORIES\MYWORKSPACE\GAMEOBJECTSYSTEM\GAMEOBJECTSYSTEM\OBJ\DEBUG\LUA_BINDINGS_CORE.OBJ
F:\GITREPOSITORIES\MYWORKSPACE\GAMEOBJECTSYSTEM\GAMEOBJECTSYSTEM\OBJ\DEBUG\LUA_BINDINGS_OGRE.OBJ
F:\GITREPOSITORIES\MYWORKSPACE\GAMEOBJECTSYSTEM\GAMEOBJECTSYSTEM\OBJ\DEBUG\MAIN.OBJ
F:\GitRepositories\myworkspace\GameObjectSystem\GameObjectSystem\obj\Debug\mt.command.1.tlog
F:\GitRepositories\myworkspace\GameObjectSystem\GameObjectSystem\obj\Debug\mt.read.1.tlog
F:\GitRepositories\myworkspace\GameObjectSystem\GameObjectSystem\obj\Debug\mt.write.1.tlog
F:\GITREPOSITORIES\MYWORKSPACE\GAMEOBJECTSYSTEM\GAMEOBJECTSYSTEM\OBJ\DEBUG\PHYSICSMANAGER.OBJ
F:\GitRepositories\myworkspace\GameObjectSystem\GameObjectSystem\obj\Debug\rc.command.1.tlog
F:\GitRepositories\myworkspace\GameObjectSystem\GameObjectSystem\obj\Debug\rc.read.1.tlog
F:\GitRepositories\myworkspace\GameObjectSystem\GameObjectSystem\obj\Debug\rc.write.1.tlog
F:\GITREPOSITORIES\MYWORKSPACE\GAMEOBJECTSYSTEM\GAMEOBJECTSYSTEM\OBJ\DEBUG\USERCOMPONENT.OBJ
F:\GitRepositories\myworkspace\GameObjectSystem\GameObjectSystem\obj\Debug\vc100.idb
F:\GITREPOSITORIES\MYWORKSPACE\GAMEOBJECTSYSTEM\GAMEOBJECTSYSTEM\OBJ\DEBUG\VC100.PDB
F:\GITREPOSITORIES\MYWORKSPACE\GAMEOBJECTSYSTEM\GAMEOBJECTSYSTEM\OBJ\DEBUG\VIEWOGREMANAGER.OBJ
