生成启动时间为 2012-05-11 20:32:24。
     1>项目“F:\GitRepositories\myworkspace\GameObjectSystem\GameObjectSystem\GameObjectSystem.vcxproj”在节点 2 上(build 个目标)。
     1>InitializeBuildStatus:
         正在创建“obj\Debug\GameObjectSystem.unsuccessfulbuild”，因为已指定“AlwaysCreate”。
       ClCompile:
         f:\Program Files\Microsoft Visual Studio 10.0\VC\bin\CL.exe /c /IF:\boost_1_46_1 /IF:\dev\OGRE\build_MSVC\sdk/include /ZI /nologo /W3 /WX- /Od /Oy- /D WIN32 /D _DEBUG /D _CONSOLE /D _UNICODE /D UNICODE /Gm /EHsc /RTC1 /MDd /GS /fp:precise /Zc:wchar_t /Zc:forScope /Fo"obj\Debug\\" /Fd"obj\Debug\vc100.pdb" /Gd /TP /analyze- /errorReport:prompt ControllerOISManager.cpp Director.cpp GCnode.cpp ViewOgreManager.cpp main.cpp
         ViewOgreManager.cpp
         正在生成代码...
         正在跳过...(未检测到相关更改)
         main.cpp
         GCnode.cpp
         Director.cpp
         ControllerOISManager.cpp
       ManifestResourceCompile:
         所有输出均为最新。
       Link:
         f:\Program Files\Microsoft Visual Studio 10.0\VC\bin\link.exe /ERRORREPORT:PROMPT /OUT:"bin\Debug\\GameObjectSystem.exe" /INCREMENTAL /NOLOGO /LIBPATH:F:\dev\OGRE\build_MSVC\sdk\lib\debug /LIBPATH:F:\boost_1_46_1\stage\lib OgreMain_d.lib OIS_d.lib winmm.lib kernel32.lib user32.lib gdi32.lib winspool.lib comdlg32.lib advapi32.lib shell32.lib ole32.lib oleaut32.lib uuid.lib odbc32.lib odbccp32.lib /MANIFEST /ManifestFile:"obj\Debug\GameObjectSystem.exe.intermediate.manifest" /MANIFESTUAC:"level='asInvoker' uiAccess='false'" /DEBUG /PDB:"F:\GitRepositories\myworkspace\GameObjectSystem\GameObjectSystem\bin\Debug\GameObjectSystem.pdb" /SUBSYSTEM:WINDOWS /TLBID:1 /DYNAMICBASE /NXCOMPAT /IMPLIB:"bin\Debug\GameObjectSystem.lib" /MACHINE:X86 obj\Debug\GameObjectSystem.exe.embed.manifest.res
         obj\Debug\ControllerOISManager.obj
         obj\Debug\Director.obj
         obj\Debug\GameObject.obj
         obj\Debug\GCnode.obj
         obj\Debug\main.obj
         obj\Debug\ViewOgreManager.obj
       Manifest:
         C:\Program Files\Microsoft SDKs\Windows\v7.0A\bin\mt.exe /nologo /verbose /out:"obj\Debug\GameObjectSystem.exe.embed.manifest" /manifest obj\Debug\GameObjectSystem.exe.intermediate.manifest
         所有输出均为最新。
       LinkEmbedManifest:
         所有输出均为最新。
         GameObjectSystem.vcxproj -> F:\GitRepositories\myworkspace\GameObjectSystem\GameObjectSystem\bin\Debug\GameObjectSystem.exe
       PostBuildEvent:
         Description: Copying exe to samples bin directory ...
         copy "bin\Debug\\GameObjectSystem.exe" "F:\dev\OGRE\build_MSVC\sdk\Bin\Debug"
         :VCEnd
         已复制         1 个文件。
       FinalizeBuildStatus:
         正在删除文件“obj\Debug\GameObjectSystem.unsuccessfulbuild”。
         正在对“obj\Debug\GameObjectSystem.lastbuildstate”执行 Touch 任务。
     1>已完成生成项目“F:\GitRepositories\myworkspace\GameObjectSystem\GameObjectSystem\GameObjectSystem.vcxproj”(build 个目标)的操作。

生成成功。

已用时间 00:00:24.78
