F:\GITREPOSITORIES\MYWORKSPACE\GAMEOBJECTSYSTEM\DEBUG\GAMEOBJECTSYSTEM.EXE
F:\GitRepositories\myworkspace\GameObjectSystem\Debug\GameObjectSystem.exp
F:\GITREPOSITORIES\MYWORKSPACE\GAMEOBJECTSYSTEM\DEBUG\GAMEOBJECTSYSTEM.ILK
F:\GITREPOSITORIES\MYWORKSPACE\GAMEOBJECTSYSTEM\DEBUG\GAMEOBJECTSYSTEM.LIB
F:\GITREPOSITORIES\MYWORKSPACE\GAMEOBJECTSYSTEM\DEBUG\GAMEOBJECTSYSTEM.PDB
F:\GitRepositories\myworkspace\GameObjectSystem\GameObjectSystem\Debug\cl.command.1.tlog
F:\GitRepositories\myworkspace\GameObjectSystem\GameObjectSystem\Debug\CL.read.1.tlog
F:\GitRepositories\myworkspace\GameObjectSystem\GameObjectSystem\Debug\CL.write.1.tlog
F:\GITREPOSITORIES\MYWORKSPACE\GAMEOBJECTSYSTEM\GAMEOBJECTSYSTEM\DEBUG\GAMEOBJECT.OBJ
F:\GITREPOSITORIES\MYWORKSPACE\GAMEOBJECTSYSTEM\GAMEOBJECTSYSTEM\DEBUG\GAMEOBJECTSYSTEM.EXE.EMBED.MANIFEST
F:\GITREPOSITORIES\MYWORKSPACE\GAMEOBJECTSYSTEM\GAMEOBJECTSYSTEM\DEBUG\GAMEOBJECTSYSTEM.EXE.EMBED.MANIFEST.RES
F:\GITREPOSITORIES\MYWORKSPACE\GAMEOBJECTSYSTEM\GAMEOBJECTSYSTEM\DEBUG\GAMEOBJECTSYSTEM.EXE.INTERMEDIATE.MANIFEST
F:\GitRepositories\myworkspace\GameObjectSystem\GameObjectSystem\Debug\GameObjectSystem.write.1.tlog
F:\GitRepositories\myworkspace\GameObjectSystem\GameObjectSystem\Debug\GameObjectSystem_manifest.rc
F:\GITREPOSITORIES\MYWORKSPACE\GAMEOBJECTSYSTEM\GAMEOBJECTSYSTEM\DEBUG\GCNODE.OBJ
F:\GitRepositories\myworkspace\GameObjectSystem\GameObjectSystem\Debug\lib.command.1.tlog
F:\GitRepositories\myworkspace\GameObjectSystem\GameObjectSystem\Debug\Lib-link.read.1.tlog
F:\GitRepositories\myworkspace\GameObjectSystem\GameObjectSystem\Debug\Lib-link.write.1.tlog
F:\GitRepositories\myworkspace\GameObjectSystem\GameObjectSystem\Debug\link.command.1.tlog
F:\GitRepositories\myworkspace\GameObjectSystem\GameObjectSystem\Debug\link.read.1.tlog
F:\GitRepositories\myworkspace\GameObjectSystem\GameObjectSystem\Debug\link.write.1.tlog
F:\GitRepositories\myworkspace\GameObjectSystem\GameObjectSystem\Debug\link-cvtres.read.1.tlog
F:\GitRepositories\myworkspace\GameObjectSystem\GameObjectSystem\Debug\link-cvtres.write.1.tlog
F:\GITREPOSITORIES\MYWORKSPACE\GAMEOBJECTSYSTEM\GAMEOBJECTSYSTEM\DEBUG\MAIN.OBJ
F:\GitRepositories\myworkspace\GameObjectSystem\GameObjectSystem\Debug\mt.command.1.tlog
F:\GitRepositories\myworkspace\GameObjectSystem\GameObjectSystem\Debug\mt.read.1.tlog
F:\GitRepositories\myworkspace\GameObjectSystem\GameObjectSystem\Debug\mt.write.1.tlog
F:\GitRepositories\myworkspace\GameObjectSystem\GameObjectSystem\Debug\rc.command.1.tlog
F:\GitRepositories\myworkspace\GameObjectSystem\GameObjectSystem\Debug\rc.read.1.tlog
F:\GitRepositories\myworkspace\GameObjectSystem\GameObjectSystem\Debug\rc.write.1.tlog
F:\GitRepositories\myworkspace\GameObjectSystem\GameObjectSystem\Debug\vc100.idb
F:\GITREPOSITORIES\MYWORKSPACE\GAMEOBJECTSYSTEM\GAMEOBJECTSYSTEM\DEBUG\VC100.PDB
F:\GITREPOSITORIES\MYWORKSPACE\GAMEOBJECTSYSTEM\GAMEOBJECTSYSTEM\DEBUG\VIEWOGREMANAGER.OBJ
